Hyunchel-ui-MacBook-Air:networking hyunchelkim$ python delay_calc.py
#1:   0.122
#2:  0.027
#3:  0.0494
#4:  0.0114
----------looks good-----------

0.122
0.072
0.05533
0.047
0.042
0.03866
0.03628
0.0345
0.03311
0.032
0.03109
0.03033
0.02969
0.02914
0.02866
0.02825
0.02788
0.02755
0.02726
0.027
0.02676
0.02654
0.02634
0.02616
0.026
0.02584
0.0257
0.02557
0.02544
0.02533
0.02522
0.02512
0.02503
0.02494
0.02485
0.02477
0.0247
0.02463
0.02456
0.0245
----------dones with #1 --------
0.0036
0.0062
0.0088
0.0114
0.014
0.0166
0.0192
0.0218
0.0244
0.027
0.0296
0.0322
0.0348
0.0374
0.04
0.0426
0.0452
0.0478
0.0504
0.053
----------done with #2 ---------
